mode: atomic
github.com/fanyang89/rag/cmd/srag/ask.go:36.64,38.17 2 0
github.com/fanyang89/rag/cmd/srag/ask.go:38.17,40.4 1 0
github.com/fanyang89/rag/cmd/srag/ask.go:42.3,52.17 10 0
github.com/fanyang89/rag/cmd/srag/ask.go:52.17,54.4 1 0
github.com/fanyang89/rag/cmd/srag/ask.go:56.3,66.42 4 0
github.com/fanyang89/rag/cmd/srag/ask.go:66.42,68.18 2 0
github.com/fanyang89/rag/cmd/srag/ask.go:68.18,70.5 1 0
github.com/fanyang89/rag/cmd/srag/ask.go:71.4,71.17 1 0
github.com/fanyang89/rag/cmd/srag/ask.go:71.17,71.34 1 0
github.com/fanyang89/rag/cmd/srag/ask.go:73.4,77.23 4 0
github.com/fanyang89/rag/cmd/srag/ask.go:77.23,79.23 2 0
github.com/fanyang89/rag/cmd/srag/ask.go:79.23,82.20 3 0
github.com/fanyang89/rag/cmd/srag/ask.go:82.20,84.7 1 0
github.com/fanyang89/rag/cmd/srag/ask.go:85.6,85.50 1 0
github.com/fanyang89/rag/cmd/srag/ask.go:88.4,88.19 1 0
github.com/fanyang89/rag/cmd/srag/ask.go:91.3,91.42 1 0
github.com/fanyang89/rag/cmd/srag/ask.go:99.84,101.16 2 0
github.com/fanyang89/rag/cmd/srag/ask.go:101.16,103.3 1 0
github.com/fanyang89/rag/cmd/srag/ask.go:105.2,106.16 2 0
github.com/fanyang89/rag/cmd/srag/ask.go:106.16,108.3 1 0
github.com/fanyang89/rag/cmd/srag/ask.go:110.2,112.31 3 0
github.com/fanyang89/rag/cmd/srag/ask.go:112.31,114.3 1 0
github.com/fanyang89/rag/cmd/srag/ask.go:115.2,118.16 3 0
github.com/fanyang89/rag/cmd/srag/ask.go:118.16,120.3 1 0
github.com/fanyang89/rag/cmd/srag/ask.go:122.2,124.12 3 0
github.com/fanyang89/rag/cmd/srag/bot.go:37.52,44.2 3 14
github.com/fanyang89/rag/cmd/srag/bot.go:46.49,53.2 5 120
github.com/fanyang89/rag/cmd/srag/bot.go:55.46,59.75 3 129
github.com/fanyang89/rag/cmd/srag/bot.go:59.75,61.3 1 20
github.com/fanyang89/rag/cmd/srag/bot.go:64.2,64.37 1 129
github.com/fanyang89/rag/cmd/srag/bot.go:64.37,66.3 1 11
github.com/fanyang89/rag/cmd/srag/bot.go:68.2,68.23 1 118
github.com/fanyang89/rag/cmd/srag/bot.go:68.23,73.3 4 118
github.com/fanyang89/rag/cmd/srag/bot.go:74.2,74.12 1 0
github.com/fanyang89/rag/cmd/srag/bot.go:77.40,83.2 4 118
github.com/fanyang89/rag/cmd/srag/bot.go:85.76,89.2 3 10
github.com/fanyang89/rag/cmd/srag/bot.go:91.33,97.2 4 5
github.com/fanyang89/rag/cmd/srag/bot.go:116.60,125.2 2 4
github.com/fanyang89/rag/cmd/srag/bot.go:127.39,129.2 1 2
github.com/fanyang89/rag/cmd/srag/bot.go:131.37,136.30 2 0
github.com/fanyang89/rag/cmd/srag/bot.go:136.30,137.18 1 0
github.com/fanyang89/rag/cmd/srag/bot.go:137.18,138.42 1 0
github.com/fanyang89/rag/cmd/srag/bot.go:138.42,140.5 1 0
github.com/fanyang89/rag/cmd/srag/bot.go:144.2,145.12 2 0
github.com/fanyang89/rag/cmd/srag/bot.go:148.36,151.30 2 0
github.com/fanyang89/rag/cmd/srag/bot.go:151.30,152.36 1 0
github.com/fanyang89/rag/cmd/srag/bot.go:152.36,154.4 1 0
github.com/fanyang89/rag/cmd/srag/bot.go:157.2,158.12 2 0
github.com/fanyang89/rag/cmd/srag/bot.go:161.41,162.6 1 0
github.com/fanyang89/rag/cmd/srag/bot.go:162.6,163.10 1 0
github.com/fanyang89/rag/cmd/srag/bot.go:164.24,165.10 1 0
github.com/fanyang89/rag/cmd/srag/bot.go:166.11,168.19 2 0
github.com/fanyang89/rag/cmd/srag/bot.go:168.19,170.5 1 0
github.com/fanyang89/rag/cmd/srag/bot.go:175.53,182.16 4 0
github.com/fanyang89/rag/cmd/srag/bot.go:182.16,186.3 3 0
github.com/fanyang89/rag/cmd/srag/bot.go:188.2,189.56 2 0
github.com/fanyang89/rag/cmd/srag/bot.go:192.87,195.16 2 0
github.com/fanyang89/rag/cmd/srag/bot.go:195.16,197.3 1 0
github.com/fanyang89/rag/cmd/srag/bot.go:200.2,201.16 2 0
github.com/fanyang89/rag/cmd/srag/bot.go:201.16,203.3 1 0
github.com/fanyang89/rag/cmd/srag/bot.go:206.2,212.16 3 0
github.com/fanyang89/rag/cmd/srag/bot.go:212.16,214.3 1 0
github.com/fanyang89/rag/cmd/srag/bot.go:216.2,216.22 1 0
github.com/fanyang89/rag/cmd/srag/bot.go:219.104,230.2 2 0
github.com/fanyang89/rag/cmd/srag/bot.go:232.69,234.2 1 1
github.com/fanyang89/rag/cmd/srag/bot.go:237.61,245.35 3 5
github.com/fanyang89/rag/cmd/srag/bot.go:245.35,247.3 1 10
github.com/fanyang89/rag/cmd/srag/bot.go:249.2,252.35 2 5
github.com/fanyang89/rag/cmd/srag/bot.go:252.35,253.41 1 7
github.com/fanyang89/rag/cmd/srag/bot.go:253.41,255.4 1 4
github.com/fanyang89/rag/cmd/srag/bot.go:258.2,258.21 1 1
github.com/fanyang89/rag/cmd/srag/bot.go:291.64,302.46 10 0
github.com/fanyang89/rag/cmd/srag/bot.go:302.46,304.4 1 0
github.com/fanyang89/rag/cmd/srag/bot.go:306.3,307.17 2 0
github.com/fanyang89/rag/cmd/srag/bot.go:307.17,309.4 1 0
github.com/fanyang89/rag/cmd/srag/bot.go:311.3,324.26 5 0
github.com/fanyang89/rag/cmd/srag/bot.go:324.26,328.4 3 0
github.com/fanyang89/rag/cmd/srag/bot.go:331.3,331.23 1 0
github.com/fanyang89/rag/cmd/srag/bot.go:331.23,335.4 3 0
github.com/fanyang89/rag/cmd/srag/bot.go:338.3,339.17 2 0
github.com/fanyang89/rag/cmd/srag/bot.go:339.17,341.4 1 0
github.com/fanyang89/rag/cmd/srag/bot.go:344.3,347.27 2 0
github.com/fanyang89/rag/cmd/srag/chunk.go:67.64,69.22 2 0
github.com/fanyang89/rag/cmd/srag/chunk.go:69.22,71.4 1 0
github.com/fanyang89/rag/cmd/srag/chunk.go:74.3,75.23 2 0
github.com/fanyang89/rag/cmd/srag/chunk.go:75.23,77.4 1 0
github.com/fanyang89/rag/cmd/srag/chunk.go:80.3,83.23 2 0
github.com/fanyang89/rag/cmd/srag/chunk.go:83.23,97.18 3 0
github.com/fanyang89/rag/cmd/srag/chunk.go:97.18,99.5 1 0
github.com/fanyang89/rag/cmd/srag/chunk.go:102.4,103.18 2 0
github.com/fanyang89/rag/cmd/srag/chunk.go:103.18,105.5 1 0
github.com/fanyang89/rag/cmd/srag/chunk.go:107.4,109.18 3 0
github.com/fanyang89/rag/cmd/srag/chunk.go:109.18,111.5 1 0
github.com/fanyang89/rag/cmd/srag/chunk.go:114.4,115.18 2 0
github.com/fanyang89/rag/cmd/srag/chunk.go:115.18,117.5 1 0
github.com/fanyang89/rag/cmd/srag/chunk.go:119.4,120.18 2 0
github.com/fanyang89/rag/cmd/srag/chunk.go:120.18,122.5 1 0
github.com/fanyang89/rag/cmd/srag/chunk.go:124.4,125.14 2 0
github.com/fanyang89/rag/cmd/srag/chunk.go:129.3,130.17 2 0
github.com/fanyang89/rag/cmd/srag/chunk.go:130.17,132.4 1 0
github.com/fanyang89/rag/cmd/srag/chunk.go:134.3,135.13 2 0
github.com/fanyang89/rag/cmd/srag/flags.go:45.61,47.17 2 0
github.com/fanyang89/rag/cmd/srag/flags.go:47.17,52.3 3 0
github.com/fanyang89/rag/cmd/srag/flags.go:53.2,53.19 1 0
github.com/fanyang89/rag/cmd/srag/flags.go:56.60,58.16 2 0
github.com/fanyang89/rag/cmd/srag/flags.go:58.16,63.3 3 0
github.com/fanyang89/rag/cmd/srag/flags.go:64.2,64.18 1 0
github.com/fanyang89/rag/cmd/srag/get.go:22.64,24.15 2 0
github.com/fanyang89/rag/cmd/srag/get.go:24.15,26.4 1 0
github.com/fanyang89/rag/cmd/srag/get.go:27.3,29.17 3 0
github.com/fanyang89/rag/cmd/srag/get.go:29.17,31.4 1 0
github.com/fanyang89/rag/cmd/srag/get.go:33.3,35.17 3 0
github.com/fanyang89/rag/cmd/srag/get.go:35.17,37.4 1 0
github.com/fanyang89/rag/cmd/srag/get.go:38.3,40.13 3 0
github.com/fanyang89/rag/cmd/srag/health.go:25.64,27.16 2 0
github.com/fanyang89/rag/cmd/srag/health.go:27.16,29.4 1 0
github.com/fanyang89/rag/cmd/srag/health.go:30.3,31.17 2 0
github.com/fanyang89/rag/cmd/srag/health.go:31.17,33.4 1 0
github.com/fanyang89/rag/cmd/srag/health.go:34.3,35.17 2 0
github.com/fanyang89/rag/cmd/srag/health.go:35.17,37.4 1 0
github.com/fanyang89/rag/cmd/srag/health.go:39.3,40.29 2 0
github.com/fanyang89/rag/cmd/srag/health.go:40.29,42.4 1 0
github.com/fanyang89/rag/cmd/srag/health.go:43.3,44.27 2 0
github.com/fanyang89/rag/cmd/srag/health.go:44.27,46.4 1 0
github.com/fanyang89/rag/cmd/srag/health.go:47.3,55.17 3 0
github.com/fanyang89/rag/cmd/srag/health.go:55.17,57.4 1 0
github.com/fanyang89/rag/cmd/srag/health.go:58.3,58.88 1 0
github.com/fanyang89/rag/cmd/srag/health.go:58.88,60.4 1 0
github.com/fanyang89/rag/cmd/srag/health.go:62.3,63.29 2 0
github.com/fanyang89/rag/cmd/srag/health.go:63.29,65.4 1 0
github.com/fanyang89/rag/cmd/srag/health.go:66.3,67.27 2 0
github.com/fanyang89/rag/cmd/srag/health.go:67.27,69.4 1 0
github.com/fanyang89/rag/cmd/srag/health.go:70.3,77.17 3 0
github.com/fanyang89/rag/cmd/srag/health.go:77.17,79.4 1 0
github.com/fanyang89/rag/cmd/srag/health.go:80.3,80.89 1 0
github.com/fanyang89/rag/cmd/srag/health.go:80.89,82.4 1 0
github.com/fanyang89/rag/cmd/srag/health.go:84.3,85.13 2 0
github.com/fanyang89/rag/cmd/srag/issues.go:57.64,72.17 12 0
github.com/fanyang89/rag/cmd/srag/issues.go:72.17,74.4 1 0
github.com/fanyang89/rag/cmd/srag/issues.go:75.3,97.45 6 0
github.com/fanyang89/rag/cmd/srag/issues.go:130.78,133.16 2 0
github.com/fanyang89/rag/cmd/srag/issues.go:133.16,136.3 2 0
github.com/fanyang89/rag/cmd/srag/issues.go:139.2,140.16 2 0
github.com/fanyang89/rag/cmd/srag/issues.go:140.16,142.3 1 0
github.com/fanyang89/rag/cmd/srag/issues.go:144.2,147.31 3 0
github.com/fanyang89/rag/cmd/srag/issues.go:147.31,149.45 1 0
github.com/fanyang89/rag/cmd/srag/issues.go:149.45,151.12 2 0
github.com/fanyang89/rag/cmd/srag/issues.go:155.3,155.39 1 0
github.com/fanyang89/rag/cmd/srag/issues.go:155.39,157.12 2 0
github.com/fanyang89/rag/cmd/srag/issues.go:160.3,164.17 3 0
github.com/fanyang89/rag/cmd/srag/issues.go:164.17,166.12 2 0
github.com/fanyang89/rag/cmd/srag/issues.go:170.3,171.17 2 0
github.com/fanyang89/rag/cmd/srag/issues.go:171.17,173.12 2 0
github.com/fanyang89/rag/cmd/srag/issues.go:177.3,181.58 3 0
github.com/fanyang89/rag/cmd/srag/issues.go:181.58,183.4 1 0
github.com/fanyang89/rag/cmd/srag/issues.go:186.2,187.12 2 0
github.com/fanyang89/rag/cmd/srag/issues.go:191.93,195.16 3 0
github.com/fanyang89/rag/cmd/srag/issues.go:195.16,197.3 1 0
github.com/fanyang89/rag/cmd/srag/issues.go:199.2,199.19 1 0
github.com/fanyang89/rag/cmd/srag/issues.go:199.19,201.3 1 0
github.com/fanyang89/rag/cmd/srag/issues.go:202.2,206.16 4 0
github.com/fanyang89/rag/cmd/srag/issues.go:206.16,208.3 1 0
github.com/fanyang89/rag/cmd/srag/issues.go:209.2,211.38 2 0
github.com/fanyang89/rag/cmd/srag/issues.go:211.38,214.3 2 0
github.com/fanyang89/rag/cmd/srag/issues.go:216.2,217.67 2 0
github.com/fanyang89/rag/cmd/srag/issues.go:217.67,219.3 1 0
github.com/fanyang89/rag/cmd/srag/issues.go:221.2,221.20 1 0
github.com/fanyang89/rag/cmd/srag/issues.go:225.73,252.50 3 12
github.com/fanyang89/rag/cmd/srag/issues.go:252.50,255.3 1 12
github.com/fanyang89/rag/cmd/srag/issues.go:257.2,266.16 2 0
github.com/fanyang89/rag/cmd/srag/issues.go:266.16,269.3 2 0
github.com/fanyang89/rag/cmd/srag/issues.go:271.2,271.28 1 0
github.com/fanyang89/rag/cmd/srag/issues.go:271.28,274.3 2 0
github.com/fanyang89/rag/cmd/srag/issues.go:276.2,277.26 2 0
github.com/fanyang89/rag/cmd/srag/issues.go:281.81,312.38 6 12
github.com/fanyang89/rag/cmd/srag/issues.go:312.38,313.38 1 102
github.com/fanyang89/rag/cmd/srag/issues.go:313.38,315.4 1 3
github.com/fanyang89/rag/cmd/srag/issues.go:318.2,318.42 1 9
github.com/fanyang89/rag/cmd/srag/issues.go:318.42,319.38 1 49
github.com/fanyang89/rag/cmd/srag/issues.go:319.38,321.4 1 1
github.com/fanyang89/rag/cmd/srag/issues.go:326.2,326.47 1 8
github.com/fanyang89/rag/cmd/srag/issues.go:326.47,328.196 1 98
github.com/fanyang89/rag/cmd/srag/issues.go:328.196,330.146 1 17
github.com/fanyang89/rag/cmd/srag/issues.go:330.146,332.35 1 2
github.com/fanyang89/rag/cmd/srag/issues.go:332.35,333.103 1 1
github.com/fanyang89/rag/cmd/srag/issues.go:333.103,334.15 1 1
github.com/fanyang89/rag/cmd/srag/issues.go:337.5,337.16 1 1
github.com/fanyang89/rag/cmd/srag/issues.go:339.9,341.39 1 81
github.com/fanyang89/rag/cmd/srag/issues.go:341.39,343.5 1 5
github.com/fanyang89/rag/cmd/srag/issues.go:348.2,348.54 1 2
github.com/fanyang89/rag/cmd/srag/issues.go:348.54,350.3 1 1
github.com/fanyang89/rag/cmd/srag/issues.go:353.2,354.37 2 1
github.com/fanyang89/rag/cmd/srag/issues.go:354.37,355.41 1 8
github.com/fanyang89/rag/cmd/srag/issues.go:355.41,357.4 1 0
github.com/fanyang89/rag/cmd/srag/issues.go:360.2,360.14 1 1
github.com/fanyang89/rag/cmd/srag/issues.go:365.97,366.18 1 1
github.com/fanyang89/rag/cmd/srag/issues.go:366.18,368.3 1 1
github.com/fanyang89/rag/cmd/srag/issues.go:370.2,371.22 2 0
github.com/fanyang89/rag/cmd/srag/issues.go:371.22,373.3 1 0
github.com/fanyang89/rag/cmd/srag/issues.go:375.2,381.16 3 0
github.com/fanyang89/rag/cmd/srag/issues.go:381.16,383.3 1 0
github.com/fanyang89/rag/cmd/srag/issues.go:386.2,405.16 3 0
github.com/fanyang89/rag/cmd/srag/issues.go:405.16,408.3 1 0
github.com/fanyang89/rag/cmd/srag/issues.go:410.2,410.38 1 0
github.com/fanyang89/rag/cmd/srag/issues.go:410.38,412.3 1 0
github.com/fanyang89/rag/cmd/srag/issues.go:414.2,415.47 2 0
github.com/fanyang89/rag/cmd/srag/issues.go:415.47,417.3 1 0
github.com/fanyang89/rag/cmd/srag/issues.go:419.2,419.20 1 0
github.com/fanyang89/rag/cmd/srag/issues.go:423.98,435.2 2 0
github.com/fanyang89/rag/cmd/srag/issues.go:438.74,439.60 1 6
github.com/fanyang89/rag/cmd/srag/issues.go:439.60,441.3 1 2
github.com/fanyang89/rag/cmd/srag/issues.go:443.2,444.16 2 4
github.com/fanyang89/rag/cmd/srag/issues.go:444.16,446.3 1 0
github.com/fanyang89/rag/cmd/srag/issues.go:448.2,449.57 2 4
github.com/fanyang89/rag/cmd/srag/issues.go:449.57,451.3 1 0
github.com/fanyang89/rag/cmd/srag/issues.go:453.2,453.24 1 4
github.com/fanyang89/rag/cmd/srag/issues.go:457.80,460.47 2 3
github.com/fanyang89/rag/cmd/srag/issues.go:460.47,462.3 1 0
github.com/fanyang89/rag/cmd/srag/issues.go:464.2,465.16 2 3
github.com/fanyang89/rag/cmd/srag/issues.go:465.16,467.3 1 0
github.com/fanyang89/rag/cmd/srag/issues.go:469.2,469.50 1 3
github.com/fanyang89/rag/cmd/srag/issues.go:473.88,474.40 1 14
github.com/fanyang89/rag/cmd/srag/issues.go:474.40,475.24 1 33
github.com/fanyang89/rag/cmd/srag/issues.go:475.24,477.4 1 6
github.com/fanyang89/rag/cmd/srag/issues.go:479.2,479.14 1 8
github.com/fanyang89/rag/cmd/srag/main.go:34.13,44.16 7 0
github.com/fanyang89/rag/cmd/srag/main.go:44.16,46.3 1 0
github.com/fanyang89/rag/cmd/srag/serve.go:33.64,40.17 6 0
github.com/fanyang89/rag/cmd/srag/serve.go:40.17,42.4 1 0
github.com/fanyang89/rag/cmd/srag/serve.go:44.3,48.13 4 0
github.com/fanyang89/rag/cmd/srag/serve.go:48.13,49.11 1 0
github.com/fanyang89/rag/cmd/srag/serve.go:50.22,53.29 3 0
github.com/fanyang89/rag/cmd/srag/serve.go:56.3,57.57 2 0
github.com/fanyang89/rag/cmd/srag/serve.go:57.57,59.4 1 0
github.com/fanyang89/rag/cmd/srag/serve.go:60.3,60.13 1 0
github.com/fanyang89/rag/cmd/srag/slack_bot.go:58.79,67.2 2 1
github.com/fanyang89/rag/cmd/srag/slack_bot.go:69.54,72.16 2 0
github.com/fanyang89/rag/cmd/srag/slack_bot.go:72.16,74.3 1 0
github.com/fanyang89/rag/cmd/srag/slack_bot.go:76.2,83.12 4 0
github.com/fanyang89/rag/cmd/srag/slack_bot.go:86.34,90.2 3 0
github.com/fanyang89/rag/cmd/srag/slack_bot.go:92.63,94.2 1 0
github.com/fanyang89/rag/cmd/srag/slack_bot.go:96.41,98.2 1 0
github.com/fanyang89/rag/cmd/srag/slack_bot.go:100.40,107.2 3 0
github.com/fanyang89/rag/cmd/srag/slack_bot.go:109.41,110.6 1 0
github.com/fanyang89/rag/cmd/srag/slack_bot.go:110.6,111.10 1 0
github.com/fanyang89/rag/cmd/srag/slack_bot.go:112.24,113.10 1 0
github.com/fanyang89/rag/cmd/srag/slack_bot.go:114.11,123.31 1 0
github.com/fanyang89/rag/cmd/srag/slack_bot.go:128.52,129.36 1 0
github.com/fanyang89/rag/cmd/srag/slack_bot.go:129.36,131.3 1 0
github.com/fanyang89/rag/cmd/srag/slack_bot.go:140.58,141.53 1 0
github.com/fanyang89/rag/cmd/srag/slack_bot.go:141.53,143.3 1 0
github.com/fanyang89/rag/cmd/srag/slack_bot.go:146.2,146.34 1 0
github.com/fanyang89/rag/cmd/srag/slack_bot.go:146.34,148.3 1 0
github.com/fanyang89/rag/cmd/srag/slack_bot.go:151.2,152.16 2 0
github.com/fanyang89/rag/cmd/srag/slack_bot.go:152.16,155.43 1 0
github.com/fanyang89/rag/cmd/srag/slack_bot.go:155.43,157.4 1 0
github.com/fanyang89/rag/cmd/srag/slack_bot.go:158.3,158.23 1 0
github.com/fanyang89/rag/cmd/srag/slack_bot.go:161.2,161.36 1 0
github.com/fanyang89/rag/cmd/srag/slack_bot.go:161.36,163.3 1 0
github.com/fanyang89/rag/cmd/srag/slack_bot.go:166.2,170.99 3 0
github.com/fanyang89/rag/cmd/srag/slack_bot.go:170.99,171.17 1 0
github.com/fanyang89/rag/cmd/srag/slack_bot.go:171.17,174.4 2 0
github.com/fanyang89/rag/cmd/srag/slack_bot.go:177.3,178.21 2 0
github.com/fanyang89/rag/cmd/srag/slack_bot.go:178.21,180.4 1 0
github.com/fanyang89/rag/cmd/srag/slack_bot.go:182.3,182.85 1 0
github.com/fanyang89/rag/cmd/srag/slack_bot.go:182.85,184.4 1 0
github.com/fanyang89/rag/cmd/srag/slack_bot.go:187.2,187.89 1 0
github.com/fanyang89/rag/cmd/srag/slack_bot.go:190.69,194.40 2 0
github.com/fanyang89/rag/cmd/srag/slack_bot.go:194.40,199.3 3 0
github.com/fanyang89/rag/cmd/srag/slack_bot.go:202.2,202.41 1 0
github.com/fanyang89/rag/cmd/srag/slack_bot.go:205.58,208.2 1 0
github.com/fanyang89/rag/cmd/srag/slack_bot.go:210.71,218.2 2 0
github.com/fanyang89/rag/cmd/srag/telegram_bot.go:66.72,74.2 2 1
github.com/fanyang89/rag/cmd/srag/telegram_bot.go:76.57,79.16 2 0
github.com/fanyang89/rag/cmd/srag/telegram_bot.go:79.16,81.3 1 0
github.com/fanyang89/rag/cmd/srag/telegram_bot.go:83.2,90.12 4 0
github.com/fanyang89/rag/cmd/srag/telegram_bot.go:93.37,97.2 3 0
github.com/fanyang89/rag/cmd/srag/telegram_bot.go:99.66,101.16 2 0
github.com/fanyang89/rag/cmd/srag/telegram_bot.go:101.16,103.3 1 0
github.com/fanyang89/rag/cmd/srag/telegram_bot.go:105.2,105.40 1 0
github.com/fanyang89/rag/cmd/srag/telegram_bot.go:108.44,110.2 1 0
github.com/fanyang89/rag/cmd/srag/telegram_bot.go:112.43,118.2 2 0
github.com/fanyang89/rag/cmd/srag/telegram_bot.go:120.38,123.6 2 0
github.com/fanyang89/rag/cmd/srag/telegram_bot.go:123.6,124.10 1 0
github.com/fanyang89/rag/cmd/srag/telegram_bot.go:125.24,126.10 1 0
github.com/fanyang89/rag/cmd/srag/telegram_bot.go:127.11,141.12 2 0
github.com/fanyang89/rag/cmd/srag/telegram_bot.go:146.61,147.56 1 0
github.com/fanyang89/rag/cmd/srag/telegram_bot.go:147.56,149.3 1 0
github.com/fanyang89/rag/cmd/srag/telegram_bot.go:151.2,155.16 3 0
github.com/fanyang89/rag/cmd/srag/telegram_bot.go:155.16,157.37 1 0
github.com/fanyang89/rag/cmd/srag/telegram_bot.go:157.37,159.4 1 0
github.com/fanyang89/rag/cmd/srag/telegram_bot.go:161.3,161.23 1 0
github.com/fanyang89/rag/cmd/srag/telegram_bot.go:164.2,164.36 1 0
github.com/fanyang89/rag/cmd/srag/telegram_bot.go:164.36,166.3 1 0
github.com/fanyang89/rag/cmd/srag/telegram_bot.go:169.2,173.102 3 0
github.com/fanyang89/rag/cmd/srag/telegram_bot.go:173.102,174.17 1 0
github.com/fanyang89/rag/cmd/srag/telegram_bot.go:174.17,177.4 2 0
github.com/fanyang89/rag/cmd/srag/telegram_bot.go:180.3,180.75 1 0
github.com/fanyang89/rag/cmd/srag/telegram_bot.go:180.75,182.4 1 0
github.com/fanyang89/rag/cmd/srag/telegram_bot.go:185.2,185.92 1 0
github.com/fanyang89/rag/cmd/srag/telegram_bot.go:188.69,196.2 2 0
github.com/fanyang89/rag/cmd/srag/update.go:78.64,80.17 2 0
github.com/fanyang89/rag/cmd/srag/update.go:80.17,82.4 1 0
github.com/fanyang89/rag/cmd/srag/update.go:84.3,98.17 13 0
github.com/fanyang89/rag/cmd/srag/update.go:98.17,100.4 1 0
github.com/fanyang89/rag/cmd/srag/update.go:101.3,113.23 5 0
github.com/fanyang89/rag/cmd/srag/update.go:113.23,115.18 2 0
github.com/fanyang89/rag/cmd/srag/update.go:115.18,117.5 1 0
github.com/fanyang89/rag/cmd/srag/update.go:118.9,129.4 1 0
github.com/fanyang89/rag/cmd/srag/update.go:132.3,133.17 2 0
github.com/fanyang89/rag/cmd/srag/update.go:133.17,135.4 1 0
github.com/fanyang89/rag/cmd/srag/update.go:138.3,139.86 2 0
github.com/fanyang89/rag/cmd/srag/update.go:139.86,140.18 1 0
github.com/fanyang89/rag/cmd/srag/update.go:140.18,142.5 1 0
github.com/fanyang89/rag/cmd/srag/update.go:143.4,143.79 1 0
github.com/fanyang89/rag/cmd/srag/update.go:143.79,145.5 1 0
github.com/fanyang89/rag/cmd/srag/update.go:146.4,146.14 1 0
github.com/fanyang89/rag/cmd/srag/update.go:148.3,148.17 1 0
github.com/fanyang89/rag/cmd/srag/update.go:148.17,150.4 1 0
github.com/fanyang89/rag/cmd/srag/update.go:152.3,157.17 4 0
github.com/fanyang89/rag/cmd/srag/update.go:157.17,159.4 1 0
github.com/fanyang89/rag/cmd/srag/update.go:159.9,160.49 1 0
github.com/fanyang89/rag/cmd/srag/update.go:160.49,161.61 1 0
github.com/fanyang89/rag/cmd/srag/update.go:161.61,163.20 2 0
github.com/fanyang89/rag/cmd/srag/update.go:163.20,165.7 1 0
github.com/fanyang89/rag/cmd/srag/update.go:165.12,168.7 2 0
github.com/fanyang89/rag/cmd/srag/update.go:171.4,171.24 1 0
github.com/fanyang89/rag/cmd/srag/update.go:171.24,173.5 1 0
github.com/fanyang89/rag/cmd/srag/update.go:177.3,180.36 3 0
github.com/fanyang89/rag/cmd/srag/update.go:180.36,183.18 2 0
github.com/fanyang89/rag/cmd/srag/update.go:183.18,185.13 2 0
github.com/fanyang89/rag/cmd/srag/update.go:189.4,189.14 1 0
github.com/fanyang89/rag/cmd/srag/update.go:189.14,191.19 2 0
github.com/fanyang89/rag/cmd/srag/update.go:191.19,193.14 2 0
github.com/fanyang89/rag/cmd/srag/update.go:195.5,195.25 1 0
github.com/fanyang89/rag/cmd/srag/update.go:195.25,198.14 3 0
github.com/fanyang89/rag/cmd/srag/update.go:203.4,204.18 2 0
github.com/fanyang89/rag/cmd/srag/update.go:204.18,206.13 2 0
github.com/fanyang89/rag/cmd/srag/update.go:210.4,212.18 3 0
github.com/fanyang89/rag/cmd/srag/update.go:212.18,214.13 2 0
github.com/fanyang89/rag/cmd/srag/update.go:218.4,220.18 3 0
github.com/fanyang89/rag/cmd/srag/update.go:220.18,223.5 1 0
github.com/fanyang89/rag/cmd/srag/update.go:226.4,227.18 2 0
github.com/fanyang89/rag/cmd/srag/update.go:227.18,229.13 2 0
github.com/fanyang89/rag/cmd/srag/update.go:233.4,234.18 2 0
github.com/fanyang89/rag/cmd/srag/update.go:234.18,237.5 1 0
github.com/fanyang89/rag/cmd/srag/update.go:239.4,241.89 3 0
github.com/fanyang89/rag/cmd/srag/update.go:244.3,248.25 3 0
github.com/fanyang89/rag/cmd/srag/update.go:248.25,251.18 3 0
github.com/fanyang89/rag/cmd/srag/update.go:251.18,253.5 1 0
github.com/fanyang89/rag/cmd/srag/update.go:254.4,254.53 1 0
github.com/fanyang89/rag/cmd/srag/update.go:257.3,257.13 1 0
